<?xml version="1.0" encoding="UTF-8"?>
<!-- Generated by org.testng.reporters.JUnitReportReporter -->
<testsuite hostname="DIN73003366" name="week5.day1.assignment.Test.Annotations" tests="1" failures="0" timestamp="29 Jul 2019 08:18:39 GMT" time="44.248" errors="0">
  <testcase name="test2" time="44.248" classname="week5.day1.assignment.Test.Annotations"/>
</testsuite> <!-- week5.day1.assignment.Test.Annotations -->
